<?xml version="1.0" encoding="UTF-8"?>
<!-- Generated by org.testng.reporters.JUnitXMLReporter -->
<testsuite ignored="0" hostname="LAPTOP-E8N8268I" failures="0" tests="4" name="Default test" time="11.533" errors="0" timestamp="2025-07-16T14:06:03 BST">
  <testcase classname="Tests.TestClass" name="loginPageTitleTest" time="0.024"/>
  <testcase classname="Tests.TestClass" name="loginTest" time="1.253"/>
  <testcase classname="Tests.TestClass" name="addToCart" time="1.399"/>
  <testcase classname="Tests.TestClass" name="verifyCart" time="1.107"/>
</testsuite> <!-- Default test -->
