<?xml version="1.0" encoding="UTF-8"?>
<!-- Generated by org.testng.reporters.JUnitXMLReporter -->
<testsuite ignored="0" hostname="LAPTOP-E8N8268I" failures="0" tests="4" name="Default test" time="26.112" errors="0" timestamp="2025-07-25T16:43:25 BST">
  <testcase classname="Tests.TestClass" name="loginPageTitleTest" time="0.048"/>
  <testcase classname="Tests.TestClass" name="loginTest" time="1.366"/>
  <testcase classname="Tests.TestClass" name="addToCart" time="1.454"/>
  <testcase classname="Tests.TestClass" name="verifyCart" time="1.176"/>
</testsuite> <!-- Default test -->
