<?xml version="1.0" encoding="UTF-8"?>
<testng-results ignored="0" total="3" passed="3" failed="0" skipped="0">
  <reporter-output>
  </reporter-output>
  <suite started-at="2025-07-15T16:45:49 BST" name="Default suite" finished-at="2025-07-15T16:46:03 BST" duration-ms="13601">
    <groups>
    </groups>
    <test started-at="2025-07-15T16:45:49 BST" name="Default test" finished-at="2025-07-15T16:46:03 BST" duration-ms="13601">
      <class name="saucedemo.TestClass">
        <test-method is-config="true" signature="setUp()[pri:0, instance:saucedemo.TestClass@6c40365c]" started-at="2025-07-15T16:45:49 BST" name="setUp" finished-at="2025-07-15T16:45:55 BST" duration-ms="5571" status="PASS">
          <reporter-output>
          </reporter-output>
        </test-method> <!-- setUp -->
        <test-method signature="loginPageTitleTest()[pri:1, instance:saucedemo.TestClass@6c40365c]" started-at="2025-07-15T16:45:55 BST" name="loginPageTitleTest" finished-at="2025-07-15T16:45:55 BST" duration-ms="18" status="PASS">
          <reporter-output>
          </reporter-output>
        </test-method> <!-- loginPageTitleTest -->
        <test-method signature="loginTest()[pri:2, instance:saucedemo.TestClass@6c40365c]" started-at="2025-07-15T16:45:55 BST" name="loginTest" finished-at="2025-07-15T16:45:59 BST" duration-ms="3772" status="PASS">
          <reporter-output>
          </reporter-output>
        </test-method> <!-- loginTest -->
        <test-method signature="addToCart()[pri:3, instance:saucedemo.TestClass@6c40365c]" started-at="2025-07-15T16:45:59 BST" name="addToCart" finished-at="2025-07-15T16:46:02 BST" duration-ms="3748" status="PASS">
          <reporter-output>
          </reporter-output>
        </test-method> <!-- addToCart -->
        <test-method is-config="true" signature="tearDown()[pri:0, instance:saucedemo.TestClass@6c40365c]" started-at="2025-07-15T16:46:02 BST" name="tearDown" finished-at="2025-07-15T16:46:03 BST" duration-ms="434" status="PASS">
          <reporter-output>
          </reporter-output>
        </test-method> <!-- tearDown -->
      </class> <!-- saucedemo.TestClass -->
    </test> <!-- Default test -->
  </suite> <!-- Default suite -->
</testng-results>
