<?xml version="1.0" encoding="UTF-8"?>
<testng-results ignored="0" total="4" passed="4" failed="0" skipped="0">
  <reporter-output>
  </reporter-output>
  <suite started-at="2025-07-16T00:46:26 BST" name="Default suite" finished-at="2025-07-16T00:46:36 BST" duration-ms="10236">
    <groups>
    </groups>
    <test started-at="2025-07-16T00:46:26 BST" name="Default test" finished-at="2025-07-16T00:46:36 BST" duration-ms="10236">
      <class name="Tests.TestClass">
        <test-method is-config="true" signature="setUp()[pri:0, instance:Tests.TestClass@4009e306]" started-at="2025-07-16T00:46:26 BST" name="setUp" finished-at="2025-07-16T00:46:32 BST" duration-ms="6022" status="PASS">
          <reporter-output>
          </reporter-output>
        </test-method> <!-- setUp -->
        <test-method signature="loginPageTitleTest()[pri:1, instance:Tests.TestClass@4009e306]" started-at="2025-07-16T00:46:32 BST" name="loginPageTitleTest" finished-at="2025-07-16T00:46:32 BST" duration-ms="20" status="PASS">
          <reporter-output>
          </reporter-output>
        </test-method> <!-- loginPageTitleTest -->
        <test-method signature="loginTest()[pri:2, instance:Tests.TestClass@4009e306]" started-at="2025-07-16T00:46:32 BST" name="loginTest" finished-at="2025-07-16T00:46:34 BST" depends-on-methods="Tests.TestClass.loginPageTitleTest" duration-ms="1328" status="PASS">
          <reporter-output>
          </reporter-output>
        </test-method> <!-- loginTest -->
        <test-method signature="addToCart()[pri:3, instance:Tests.TestClass@4009e306]" started-at="2025-07-16T00:46:34 BST" name="addToCart" finished-at="2025-07-16T00:46:35 BST" depends-on-methods="Tests.TestClass.loginTest" duration-ms="1255" status="PASS">
          <reporter-output>
          </reporter-output>
        </test-method> <!-- addToCart -->
        <test-method signature="verifyCart()[pri:4, instance:Tests.TestClass@4009e306]" started-at="2025-07-16T00:46:35 BST" name="verifyCart" finished-at="2025-07-16T00:46:36 BST" depends-on-methods="Tests.TestClass.addToCart" duration-ms="1101" status="PASS">
          <reporter-output>
          </reporter-output>
        </test-method> <!-- verifyCart -->
        <test-method is-config="true" signature="tearDown()[pri:0, instance:Tests.TestClass@4009e306]" started-at="2025-07-16T00:46:36 BST" name="tearDown" finished-at="2025-07-16T00:46:36 BST" duration-ms="220" status="PASS">
          <reporter-output>
          </reporter-output>
        </test-method> <!-- tearDown -->
      </class> <!-- Tests.TestClass -->
    </test> <!-- Default test -->
  </suite> <!-- Default suite -->
</testng-results>
